<?xml version="1.0" encoding="UTF-8"?>
<!-- Generated by org.testng.reporters.JUnitReportReporter -->
<testsuite skipped="0" hostname="DESKTOP-AL3VMHN" name="com.nopcommerce.myaccount.My_Account" tests="15" failures="0" timestamp="17 Sep 2021 09:42:07 GMT" time="80.748" errors="0">
  <testcase name="My_Account_03_Change_Info" time="2.017" classname="com.nopcommerce.myaccount.My_Account"/>
  <testcase name="My_Account_01_Update_Customer_Info" time="4.398" classname="com.nopcommerce.myaccount.My_Account"/>
  <testcase name="My_Account_03_Change_Info" time="2.087" classname="com.nopcommerce.myaccount.My_Account"/>
  <testcase name="My_Account_04_Add_Review" time="6.389" classname="com.nopcommerce.myaccount.My_Account"/>
  <testcase name="My_Account_03_Change_Info" time="2.637" classname="com.nopcommerce.myaccount.My_Account"/>
  <testcase name="My_Account_04_Add_Review" time="17.058" classname="com.nopcommerce.myaccount.My_Account"/>
  <testcase name="My_Account_02_Add_Addresses" time="4.806" classname="com.nopcommerce.myaccount.My_Account"/>
  <testcase name="My_Account_00_Login_To_Page" time="2.790" classname="com.nopcommerce.myaccount.My_Account"/>
  <testcase name="My_Account_01_Update_Customer_Info" time="4.323" classname="com.nopcommerce.myaccount.My_Account"/>
  <testcase name="My_Account_01_Update_Customer_Info" time="5.108" classname="com.nopcommerce.myaccount.My_Account"/>
  <testcase name="My_Account_04_Add_Review" time="11.086" classname="com.nopcommerce.myaccount.My_Account"/>
  <testcase name="My_Account_00_Login_To_Page" time="3.746" classname="com.nopcommerce.myaccount.My_Account"/>
  <testcase name="My_Account_00_Login_To_Page" time="3.140" classname="com.nopcommerce.myaccount.My_Account"/>
  <testcase name="My_Account_02_Add_Addresses" time="5.738" classname="com.nopcommerce.myaccount.My_Account"/>
  <testcase name="My_Account_02_Add_Addresses" time="5.425" classname="com.nopcommerce.myaccount.My_Account"/>
</testsuite> <!-- com.nopcommerce.myaccount.My_Account -->
