<?xml version="1.0" encoding="UTF-8"?>
<!-- Generated by org.testng.reporters.JUnitReportReporter -->
<testsuite skipped="0" hostname="DESKTOP-AL3VMHN" name="com.nopcommerce.search.Search_Advanced_Search" tests="27" failures="0" timestamp="17 Sep 2021 09:42:07 GMT" time="46.583" errors="0">
  <testcase name="Search_Advanced_Search_05_Advanced_Search_With_Parent_Categories" time="2.054" classname="com.nopcommerce.search.Search_Advanced_Search"/>
  <testcase name="Search_Advanced_Search_03_Search_With_Product_Name_Relatively" time="1.533" classname="com.nopcommerce.search.Search_Advanced_Search"/>
  <testcase name="Search_Advanced_Search_00_Login_To_Page" time="5.028" classname="com.nopcommerce.search.Search_Advanced_Search"/>
  <testcase name="Search_Advanced_Search_01_Search_With_Empty_Data" time="2.553" classname="com.nopcommerce.search.Search_Advanced_Search"/>
  <testcase name="Search_Advanced_Search_04_Search_With_Product_Name_Precisely" time="1.430" classname="com.nopcommerce.search.Search_Advanced_Search"/>
  <testcase name="Search_Advanced_Search_04_Search_With_Product_Name_Precisely" time="0.771" classname="com.nopcommerce.search.Search_Advanced_Search"/>
  <testcase name="Search_Advanced_Search_08_Advanced_Search_With_Correct_Manufacturer" time="1.830" classname="com.nopcommerce.search.Search_Advanced_Search"/>
  <testcase name="Search_Advanced_Search_00_Login_To_Page" time="3.414" classname="com.nopcommerce.search.Search_Advanced_Search"/>
  <testcase name="Search_Advanced_Search_06_Advanced_Search_With_Sub_Categories" time="1.304" classname="com.nopcommerce.search.Search_Advanced_Search"/>
  <testcase name="Search_Advanced_Search_06_Advanced_Search_With_Sub_Categories" time="1.774" classname="com.nopcommerce.search.Search_Advanced_Search"/>
  <testcase name="Search_Advanced_Search_04_Search_With_Product_Name_Precisely" time="0.663" classname="com.nopcommerce.search.Search_Advanced_Search"/>
  <testcase name="Search_Advanced_Search_01_Search_With_Empty_Data" time="2.589" classname="com.nopcommerce.search.Search_Advanced_Search"/>
  <testcase name="Search_Advanced_Search_02_Search_With_Data_Exist" time="1.335" classname="com.nopcommerce.search.Search_Advanced_Search"/>
  <testcase name="Search_Advanced_Search_07_Advanced_Search_With_Incorrect_Manufacturer" time="1.563" classname="com.nopcommerce.search.Search_Advanced_Search"/>
  <testcase name="Search_Advanced_Search_05_Advanced_Search_With_Parent_Categories" time="1.050" classname="com.nopcommerce.search.Search_Advanced_Search"/>
  <testcase name="Search_Advanced_Search_07_Advanced_Search_With_Incorrect_Manufacturer" time="1.120" classname="com.nopcommerce.search.Search_Advanced_Search"/>
  <testcase name="Search_Advanced_Search_06_Advanced_Search_With_Sub_Categories" time="1.026" classname="com.nopcommerce.search.Search_Advanced_Search"/>
  <testcase name="Search_Advanced_Search_03_Search_With_Product_Name_Relatively" time="0.692" classname="com.nopcommerce.search.Search_Advanced_Search"/>
  <testcase name="Search_Advanced_Search_02_Search_With_Data_Exist" time="0.780" classname="com.nopcommerce.search.Search_Advanced_Search"/>
  <testcase name="Search_Advanced_Search_03_Search_With_Product_Name_Relatively" time="1.484" classname="com.nopcommerce.search.Search_Advanced_Search"/>
  <testcase name="Search_Advanced_Search_08_Advanced_Search_With_Correct_Manufacturer" time="1.082" classname="com.nopcommerce.search.Search_Advanced_Search"/>
  <testcase name="Search_Advanced_Search_08_Advanced_Search_With_Correct_Manufacturer" time="1.419" classname="com.nopcommerce.search.Search_Advanced_Search"/>
  <testcase name="Search_Advanced_Search_07_Advanced_Search_With_Incorrect_Manufacturer" time="2.098" classname="com.nopcommerce.search.Search_Advanced_Search"/>
  <testcase name="Search_Advanced_Search_02_Search_With_Data_Exist" time="0.729" classname="com.nopcommerce.search.Search_Advanced_Search"/>
  <testcase name="Search_Advanced_Search_01_Search_With_Empty_Data" time="2.559" classname="com.nopcommerce.search.Search_Advanced_Search"/>
  <testcase name="Search_Advanced_Search_00_Login_To_Page" time="3.549" classname="com.nopcommerce.search.Search_Advanced_Search"/>
  <testcase name="Search_Advanced_Search_05_Advanced_Search_With_Parent_Categories" time="1.154" classname="com.nopcommerce.search.Search_Advanced_Search"/>
</testsuite> <!-- com.nopcommerce.search.Search_Advanced_Search -->
