<?xml version="1.0" encoding="UTF-8"?>
<!-- Generated by org.testng.reporters.JUnitReportReporter -->
<testsuite skipped="0" hostname="DESKTOP-AL3VMHN" name="com.bankguru.customer.New_Customer_03_Validate_City" tests="12" failures="0" timestamp="17 Sep 2021 09:42:07 GMT" time="11.081" errors="0">
  <testcase name="New_Customer_03_Validate_City_11_Not_First_Character_Blank" time="0.544" classname="com.bankguru.customer.New_Customer_03_Validate_City"/>
  <testcase name="New_Customer_03_Validate_City_08_Not_Empty" time="0.753" classname="com.bankguru.customer.New_Customer_03_Validate_City"/>
  <testcase name="New_Customer_03_Validate_City_09_Not_Numeric" time="0.527" classname="com.bankguru.customer.New_Customer_03_Validate_City"/>
  <testcase name="New_Customer_03_Validate_City_10_Not_Special_Characters" time="0.531" classname="com.bankguru.customer.New_Customer_03_Validate_City"/>
  <testcase name="New_Customer_03_Validate_City_09_Not_Numeric" time="2.021" classname="com.bankguru.customer.New_Customer_03_Validate_City"/>
  <testcase name="New_Customer_03_Validate_City_11_Not_First_Character_Blank" time="1.787" classname="com.bankguru.customer.New_Customer_03_Validate_City"/>
  <testcase name="New_Customer_03_Validate_City_09_Not_Numeric" time="0.547" classname="com.bankguru.customer.New_Customer_03_Validate_City"/>
  <testcase name="New_Customer_03_Validate_City_08_Not_Empty" time="0.779" classname="com.bankguru.customer.New_Customer_03_Validate_City"/>
  <testcase name="New_Customer_03_Validate_City_10_Not_Special_Characters" time="0.530" classname="com.bankguru.customer.New_Customer_03_Validate_City"/>
  <testcase name="New_Customer_03_Validate_City_08_Not_Empty" time="0.691" classname="com.bankguru.customer.New_Customer_03_Validate_City"/>
  <testcase name="New_Customer_03_Validate_City_10_Not_Special_Characters" time="1.837" classname="com.bankguru.customer.New_Customer_03_Validate_City"/>
  <testcase name="New_Customer_03_Validate_City_11_Not_First_Character_Blank" time="0.534" classname="com.bankguru.customer.New_Customer_03_Validate_City"/>
</testsuite> <!-- com.bankguru.customer.New_Customer_03_Validate_City -->
