<?xml version="1.0" encoding="UTF-8"?>
<!-- Generated by org.testng.reporters.JUnitReportReporter -->
<testsuite skipped="0" hostname="DESKTOP-AL3VMHN" name="com.nopcommerce.register.Register_Account" tests="18" failures="0" timestamp="17 Sep 2021 09:42:07 GMT" time="45.300" errors="0">
  <testcase name="Register_01_Empty_Data" time="2.028" classname="com.nopcommerce.register.Register_Account"/>
  <testcase name="Register_03_Email_Exist" time="1.402" classname="com.nopcommerce.register.Register_Account"/>
  <testcase name="Register_00_All_Info_Correct" time="6.150" classname="com.nopcommerce.register.Register_Account"/>
  <testcase name="Register_05_Password_Not_Match_ConfimPassword" time="1.964" classname="com.nopcommerce.register.Register_Account"/>
  <testcase name="Register_02_Invalid_Email" time="1.563" classname="com.nopcommerce.register.Register_Account"/>
  <testcase name="Register_04_Password_Less_Than_Six_Characters" time="1.082" classname="com.nopcommerce.register.Register_Account"/>
  <testcase name="Register_00_All_Info_Correct" time="5.992" classname="com.nopcommerce.register.Register_Account"/>
  <testcase name="Register_01_Empty_Data" time="1.991" classname="com.nopcommerce.register.Register_Account"/>
  <testcase name="Register_05_Password_Not_Match_ConfimPassword" time="1.969" classname="com.nopcommerce.register.Register_Account"/>
  <testcase name="Register_01_Empty_Data" time="2.432" classname="com.nopcommerce.register.Register_Account"/>
  <testcase name="Register_02_Invalid_Email" time="2.200" classname="com.nopcommerce.register.Register_Account"/>
  <testcase name="Register_00_All_Info_Correct" time="6.056" classname="com.nopcommerce.register.Register_Account"/>
  <testcase name="Register_04_Password_Less_Than_Six_Characters" time="1.221" classname="com.nopcommerce.register.Register_Account"/>
  <testcase name="Register_04_Password_Less_Than_Six_Characters" time="1.145" classname="com.nopcommerce.register.Register_Account"/>
  <testcase name="Register_02_Invalid_Email" time="1.389" classname="com.nopcommerce.register.Register_Account"/>
  <testcase name="Register_05_Password_Not_Match_ConfimPassword" time="2.234" classname="com.nopcommerce.register.Register_Account"/>
  <testcase name="Register_03_Email_Exist" time="2.266" classname="com.nopcommerce.register.Register_Account"/>
  <testcase name="Register_03_Email_Exist" time="2.216" classname="com.nopcommerce.register.Register_Account"/>
</testsuite> <!-- com.nopcommerce.register.Register_Account -->
