<?xml version="1.0" encoding="UTF-8"?>
<!-- Generated by org.testng.reporters.JUnitReportReporter -->
<testsuite skipped="0" hostname="DESKTOP-AL3VMHN" name="com.nopcommerce.login.Login_To_Page" tests="18" failures="0" timestamp="17 Sep 2021 09:42:07 GMT" time="28.333" errors="0">
  <testcase name="Login_04_Registed_Email_Empty_Password" time="0.842" classname="com.nopcommerce.login.Login_To_Page"/>
  <testcase name="Login_03_Unregisted_Email" time="1.499" classname="com.nopcommerce.login.Login_To_Page"/>
  <testcase name="Login_03_Unregisted_Email" time="0.865" classname="com.nopcommerce.login.Login_To_Page"/>
  <testcase name="Login_04_Registed_Email_Empty_Password" time="1.512" classname="com.nopcommerce.login.Login_To_Page"/>
  <testcase name="Login_01_Empty_Data" time="1.982" classname="com.nopcommerce.login.Login_To_Page"/>
  <testcase name="Login_05_Registed_Email_Wrong_Password" time="1.539" classname="com.nopcommerce.login.Login_To_Page"/>
  <testcase name="Login_02_Invalid_Email" time="0.542" classname="com.nopcommerce.login.Login_To_Page"/>
  <testcase name="Login_05_Registed_Email_Wrong_Password" time="1.416" classname="com.nopcommerce.login.Login_To_Page"/>
  <testcase name="Login_06_Correct_Email_Password" time="2.702" classname="com.nopcommerce.login.Login_To_Page"/>
  <testcase name="Login_06_Correct_Email_Password" time="3.332" classname="com.nopcommerce.login.Login_To_Page"/>
  <testcase name="Login_02_Invalid_Email" time="0.437" classname="com.nopcommerce.login.Login_To_Page"/>
  <testcase name="Login_06_Correct_Email_Password" time="3.894" classname="com.nopcommerce.login.Login_To_Page"/>
  <testcase name="Login_02_Invalid_Email" time="0.436" classname="com.nopcommerce.login.Login_To_Page"/>
  <testcase name="Login_04_Registed_Email_Empty_Password" time="1.479" classname="com.nopcommerce.login.Login_To_Page"/>
  <testcase name="Login_03_Unregisted_Email" time="1.422" classname="com.nopcommerce.login.Login_To_Page"/>
  <testcase name="Login_05_Registed_Email_Wrong_Password" time="0.854" classname="com.nopcommerce.login.Login_To_Page"/>
  <testcase name="Login_01_Empty_Data" time="1.836" classname="com.nopcommerce.login.Login_To_Page"/>
  <testcase name="Login_01_Empty_Data" time="1.744" classname="com.nopcommerce.login.Login_To_Page"/>
</testsuite> <!-- com.nopcommerce.login.Login_To_Page -->
