<?xml version="1.0" encoding="UTF-8"?>
<!-- Generated by org.testng.reporters.JUnitReportReporter -->
<testsuite skipped="0" hostname="DESKTOP-AL3VMHN" name="com.nopcommerce.sort.Sort_Display_Paging" tests="21" failures="0" timestamp="17 Sep 2021 09:42:07 GMT" time="117.366" errors="0">
  <testcase name="Sort_Display_Paging_06_Display_Six_Products_Per_Page" time="10.850" classname="com.nopcommerce.sort.Sort_Display_Paging"/>
  <testcase name="Sort_Display_Paging_03_Sort_With_Price_Low_To_High" time="4.010" classname="com.nopcommerce.sort.Sort_Display_Paging"/>
  <testcase name="Sort_Display_Paging_03_Sort_With_Price_Low_To_High" time="3.681" classname="com.nopcommerce.sort.Sort_Display_Paging"/>
  <testcase name="Sort_Display_Paging_07_Display_Nine_Products_Per_Page" time="10.002" classname="com.nopcommerce.sort.Sort_Display_Paging"/>
  <testcase name="Sort_Display_Paging_06_Display_Six_Products_Per_Page" time="10.744" classname="com.nopcommerce.sort.Sort_Display_Paging"/>
  <testcase name="Sort_Display_Paging_02_Sort_With_Name_Z_To_A" time="2.951" classname="com.nopcommerce.sort.Sort_Display_Paging"/>
  <testcase name="Sort_Display_Paging_02_Sort_With_Name_Z_To_A" time="4.012" classname="com.nopcommerce.sort.Sort_Display_Paging"/>
  <testcase name="Sort_Display_Paging_02_Sort_With_Name_Z_To_A" time="2.960" classname="com.nopcommerce.sort.Sort_Display_Paging"/>
  <testcase name="Sort_Display_Paging_05_Display_Three_Products_Per_Page" time="5.669" classname="com.nopcommerce.sort.Sort_Display_Paging"/>
  <testcase name="Sort_Display_Paging_03_Sort_With_Price_Low_To_High" time="2.970" classname="com.nopcommerce.sort.Sort_Display_Paging"/>
  <testcase name="Sort_Display_Paging_01_Sort_With_Name_A_To_Z" time="3.081" classname="com.nopcommerce.sort.Sort_Display_Paging"/>
  <testcase name="Sort_Display_Paging_04_Sort_With_Price_High_To_Low" time="3.241" classname="com.nopcommerce.sort.Sort_Display_Paging"/>
  <testcase name="Sort_Display_Paging_07_Display_Nine_Products_Per_Page" time="10.294" classname="com.nopcommerce.sort.Sort_Display_Paging"/>
  <testcase name="Sort_Display_Paging_01_Sort_With_Name_A_To_Z" time="4.223" classname="com.nopcommerce.sort.Sort_Display_Paging"/>
  <testcase name="Sort_Display_Paging_07_Display_Nine_Products_Per_Page" time="10.285" classname="com.nopcommerce.sort.Sort_Display_Paging"/>
  <testcase name="Sort_Display_Paging_01_Sort_With_Name_A_To_Z" time="3.150" classname="com.nopcommerce.sort.Sort_Display_Paging"/>
  <testcase name="Sort_Display_Paging_04_Sort_With_Price_High_To_Low" time="2.938" classname="com.nopcommerce.sort.Sort_Display_Paging"/>
  <testcase name="Sort_Display_Paging_05_Display_Three_Products_Per_Page" time="4.286" classname="com.nopcommerce.sort.Sort_Display_Paging"/>
  <testcase name="Sort_Display_Paging_06_Display_Six_Products_Per_Page" time="9.990" classname="com.nopcommerce.sort.Sort_Display_Paging"/>
  <testcase name="Sort_Display_Paging_05_Display_Three_Products_Per_Page" time="5.077" classname="com.nopcommerce.sort.Sort_Display_Paging"/>
  <testcase name="Sort_Display_Paging_04_Sort_With_Price_High_To_Low" time="2.952" classname="com.nopcommerce.sort.Sort_Display_Paging"/>
</testsuite> <!-- com.nopcommerce.sort.Sort_Display_Paging -->
