<?xml version="1.0" encoding="UTF-8"?>
<!-- Generated by org.testng.reporters.JUnitReportReporter -->
<testsuite skipped="0" hostname="DESKTOP-AL3VMHN" name="com.nopcommerce.wishlist.Wishlist_Compare_RecentView" tests="15" failures="0" timestamp="17 Sep 2021 09:42:07 GMT" time="197.028" errors="0">
  <testcase name="Wishlist_Compare_RecentView_05_Recently_Viewed_Products" time="10.940" classname="com.nopcommerce.wishlist.Wishlist_Compare_RecentView"/>
  <testcase name="Wishlist_Compare_RecentView_01_Add_To_Wishlist" time="6.757" classname="com.nopcommerce.wishlist.Wishlist_Compare_RecentView"/>
  <testcase name="Wishlist_Compare_RecentView_03_Remove_Product_From_Wishlist" time="8.135" classname="com.nopcommerce.wishlist.Wishlist_Compare_RecentView"/>
  <testcase name="Wishlist_Compare_RecentView_04_Add_Product_To_Compare" time="34.118" classname="com.nopcommerce.wishlist.Wishlist_Compare_RecentView"/>
  <testcase name="Wishlist_Compare_RecentView_02_Add_To_Cart_From_Wishlist" time="1.616" classname="com.nopcommerce.wishlist.Wishlist_Compare_RecentView"/>
  <testcase name="Wishlist_Compare_RecentView_05_Recently_Viewed_Products" time="10.903" classname="com.nopcommerce.wishlist.Wishlist_Compare_RecentView"/>
  <testcase name="Wishlist_Compare_RecentView_01_Add_To_Wishlist" time="13.502" classname="com.nopcommerce.wishlist.Wishlist_Compare_RecentView"/>
  <testcase name="Wishlist_Compare_RecentView_05_Recently_Viewed_Products" time="9.914" classname="com.nopcommerce.wishlist.Wishlist_Compare_RecentView"/>
  <testcase name="Wishlist_Compare_RecentView_03_Remove_Product_From_Wishlist" time="9.450" classname="com.nopcommerce.wishlist.Wishlist_Compare_RecentView"/>
  <testcase name="Wishlist_Compare_RecentView_02_Add_To_Cart_From_Wishlist" time="2.987" classname="com.nopcommerce.wishlist.Wishlist_Compare_RecentView"/>
  <testcase name="Wishlist_Compare_RecentView_02_Add_To_Cart_From_Wishlist" time="2.168" classname="com.nopcommerce.wishlist.Wishlist_Compare_RecentView"/>
  <testcase name="Wishlist_Compare_RecentView_01_Add_To_Wishlist" time="11.097" classname="com.nopcommerce.wishlist.Wishlist_Compare_RecentView"/>
  <testcase name="Wishlist_Compare_RecentView_03_Remove_Product_From_Wishlist" time="8.722" classname="com.nopcommerce.wishlist.Wishlist_Compare_RecentView"/>
  <testcase name="Wishlist_Compare_RecentView_04_Add_Product_To_Compare" time="33.863" classname="com.nopcommerce.wishlist.Wishlist_Compare_RecentView"/>
  <testcase name="Wishlist_Compare_RecentView_04_Add_Product_To_Compare" time="32.856" classname="com.nopcommerce.wishlist.Wishlist_Compare_RecentView"/>
</testsuite> <!-- com.nopcommerce.wishlist.Wishlist_Compare_RecentView -->
