<?xml version="1.0" encoding="UTF-8"?>
<!-- Generated by org.testng.reporters.JUnitReportReporter -->
<testsuite skipped="0" hostname="DESKTOP-AL3VMHN" name="com.bankguru.customer.New_Customer_02_Validate_Address" tests="6" failures="0" timestamp="17 Sep 2021 09:42:07 GMT" time="8.553" errors="0">
  <testcase name="New_Customer_02_Validate_Address_06_Address_Not_First_Character_Blank" time="2.060" classname="com.bankguru.customer.New_Customer_02_Validate_Address"/>
  <testcase name="New_Customer_02_Validate_Address_06_Address_Not_First_Character_Blank" time="0.590" classname="com.bankguru.customer.New_Customer_02_Validate_Address"/>
  <testcase name="New_Customer_02_Validate_Address_05_Address_Not_Empty" time="1.748" classname="com.bankguru.customer.New_Customer_02_Validate_Address"/>
  <testcase name="New_Customer_02_Validate_Address_05_Address_Not_Empty" time="1.782" classname="com.bankguru.customer.New_Customer_02_Validate_Address"/>
  <testcase name="New_Customer_02_Validate_Address_05_Address_Not_Empty" time="1.776" classname="com.bankguru.customer.New_Customer_02_Validate_Address"/>
  <testcase name="New_Customer_02_Validate_Address_06_Address_Not_First_Character_Blank" time="0.597" classname="com.bankguru.customer.New_Customer_02_Validate_Address"/>
</testsuite> <!-- com.bankguru.customer.New_Customer_02_Validate_Address -->
